<?xml version="1.0" encoding="UTF-8"?>
<!-- Generated by org.testng.reporters.JUnitReportReporter -->
<testsuite hostname="mindc1d406" failures="0" tests="1" name="com.mindtree.ComprehenssiveMilestone.Help" time="13.015" errors="0" timestamp="2022-05-19T19:26:48 IST" skipped="0">
  <testcase classname="com.mindtree.ComprehenssiveMilestone.Help" name="Test1" time="13.015"/>
  <system-out/>
</testsuite> <!-- com.mindtree.ComprehenssiveMilestone.Help -->
